nohup: ignoring input
input cmd is:
	...python main.py --device cuda:1 --logs_save_dir /home/HaotianF/Exp/Results --experiment_description TS2Vec --method_name TS2Vec --run_description sleepEDF --training_mode self_supervised --seed 123 --selected_dataset sleepEDF

=============================================
Dataset: sleepEDF
Method:  TS2Vec
Mode:    self_supervised
=============================================
Training started ....

batch 0 loss: nan
batch 1 loss: nan
batch 2 loss: nan
batch 3 loss: nan
batch 4 loss: nan
batch 5 loss: nan
batch 6 loss: nan
batch 7 loss: nan
batch 8 loss: nan
batch 9 loss: nan
batch 10 loss: nan
batch 11 loss: nan
batch 12 loss: nan
batch 13 loss: nan
batch 14 loss: nan
batch 15 loss: nan
batch 16 loss: nan
batch 17 loss: nan
batch 18 loss: nan
batch 19 loss: nan
batch 20 loss: nan
batch 21 loss: nan
batch 22 loss: nan
batch 23 loss: nan
batch 24 loss: nan
batch 25 loss: nan
batch 26 loss: nan
batch 27 loss: nan
batch 28 loss: nan
batch 29 loss: nan
batch 30 loss: nan
batch 31 loss: nan
batch 32 loss: nan
batch 33 loss: nan
batch 34 loss: nan
batch 35 loss: nan
batch 36 loss: nan
batch 37 loss: nan
batch 38 loss: nan
batch 39 loss: nan
batch 40 loss: nan
batch 41 loss: nan
batch 42 loss: nan
batch 43 loss: nan
batch 44 loss: nan
batch 45 loss: nan
batch 46 loss: nan
batch 47 loss: nan
batch 48 loss: nan
batch 49 loss: nan
batch 50 loss: nan
batch 51 loss: nan
batch 52 loss: nan
batch 53 loss: nan
batch 54 loss: nan
batch 55 loss: nan
batch 56 loss: nan
batch 57 loss: nan
batch 58 loss: nan
batch 59 loss: nan
batch 60 loss: nan
batch 61 loss: nan
batch 62 loss: nan
batch 63 loss: nan
batch 64 loss: nan
batch 65 loss: nan
batch 66 loss: nan
batch 67 loss: nan
batch 68 loss: nan
batch 69 loss: nan
batch 70 loss: nan
batch 71 loss: nan
batch 72 loss: nan
batch 73 loss: nan
batch 74 loss: nan
batch 75 loss: nan
batch 76 loss: nan
batch 77 loss: nan
batch 78 loss: nan
batch 79 loss: nan
batch 80 loss: nan
batch 81 loss: nan
batch 82 loss: nan
batch 83 loss: nan
batch 84 loss: nan
batch 85 loss: nan
batch 86 loss: nan
batch 87 loss: nan
batch 88 loss: nan
batch 89 loss: nan
batch 90 loss: nan
batch 91 loss: nan
batch 92 loss: nan
batch 93 loss: nan
batch 94 loss: nan
batch 95 loss: nan
batch 96 loss: nan
batch 97 loss: nan
batch 98 loss: nan
batch 99 loss: nan
batch 100 loss: nan
batch 101 loss: nan
batch 102 loss: nan
batch 103 loss: nan
batch 104 loss: nan
batch 105 loss: nan
batch 106 loss: nan
batch 107 loss: nan
batch 108 loss: nan
batch 109 loss: nan
batch 110 loss: nan
batch 111 loss: nan
batch 112 loss: nan
batch 113 loss: nan
batch 114 loss: nan
batch 115 loss: nan
batch 116 loss: nan
batch 117 loss: nan
batch 118 loss: nan
batch 119 loss: nan
batch 120 loss: nan
batch 121 loss: nan
batch 122 loss: nan
batch 123 loss: nan
batch 124 loss: nan
batch 125 loss: nan
batch 126 loss: nan
batch 127 loss: nan
batch 128 loss: nan
batch 129 loss: nan
batch 130 loss: nan
batch 131 loss: nan
batch 132 loss: nan
batch 133 loss: nan
batch 134 loss: nan
batch 135 loss: nan
batch 136 loss: nan
batch 137 loss: nan
batch 138 loss: nan
batch 139 loss: nan
batch 140 loss: nan
batch 141 loss: nan
batch 142 loss: nan
batch 143 loss: nan
batch 144 loss: nan
batch 145 loss: nan
batch 146 loss: nan
batch 147 loss: nan
batch 148 loss: nan
batch 149 loss: nan
batch 150 loss: nan
batch 151 loss: nan
batch 152 loss: nan
batch 153 loss: nan
batch 154 loss: nan
batch 155 loss: nan
batch 156 loss: nan
batch 157 loss: nan
batch 158 loss: nan
batch 159 loss: nan
batch 160 loss: nan
batch 161 loss: nan
batch 162 loss: nan
batch 163 loss: nan
batch 164 loss: nan
batch 165 loss: nan
batch 166 loss: nan
batch 167 loss: nan
batch 168 loss: nan
batch 169 loss: nan
batch 170 loss: nan
batch 171 loss: nan
batch 172 loss: nan
batch 173 loss: nan
batch 174 loss: nan
batch 175 loss: nan
batch 176 loss: nan
batch 177 loss: nan
batch 178 loss: nan
batch 179 loss: nan
batch 180 loss: nan
batch 181 loss: nan
batch 182 loss: nan
batch 183 loss: nan
batch 184 loss: nan
batch 185 loss: nan
batch 186 loss: nan
batch 187 loss: nan
batch 188 loss: nan
batch 189 loss: nan
batch 190 loss: nan
batch 191 loss: nan
batch 192 loss: nan
batch 193 loss: nan
batch 194 loss: nan
batch 195 loss: nan
batch 196 loss: nan
batch 197 loss: nan
batch 198 loss: nan
batch 199 loss: nan
batch 200 loss: nan
batch 201 loss: nan
batch 202 loss: nan
batch 203 loss: nan
batch 204 loss: nan
batch 205 loss: nan
batch 206 loss: nan
batch 207 loss: nan
batch 208 loss: nan
batch 209 loss: nan
batch 210 loss: nan
batch 211 loss: nan
batch 212 loss: nan
batch 213 loss: nan
batch 214 loss: nan
batch 215 loss: nan
batch 216 loss: nan
batch 217 loss: nan
batch 218 loss: nan
batch 219 loss: nan
batch 220 loss: nan
batch 221 loss: nan
batch 222 loss: nan
batch 223 loss: nan
batch 224 loss: nan
batch 225 loss: nan
batch 226 loss: nan
batch 227 loss: nan
batch 228 loss: nan
batch 229 loss: nan
batch 230 loss: nan
batch 231 loss: nan
batch 232 loss: nan
batch 233 loss: nan
batch 234 loss: nan
batch 235 loss: nan
batch 236 loss: nan
batch 237 loss: nan
batch 238 loss: nan
batch 239 loss: nan
batch 240 loss: nan
batch 241 loss: nan
batch 242 loss: nan
batch 243 loss: nan
batch 244 loss: nan
batch 245 loss: nan
batch 246 loss: nan
batch 247 loss: nan
batch 248 loss: nan
batch 249 loss: nan
batch 250 loss: nan
batch 251 loss: nan
batch 252 loss: nan
batch 253 loss: nan
batch 254 loss: nan
batch 255 loss: nan
batch 256 loss: nan
batch 257 loss: nan
batch 258 loss: nan
batch 259 loss: nan
batch 260 loss: nan
batch 261 loss: nan
batch 262 loss: nan
batch 263 loss: nan
batch 264 loss: nan
batch 265 loss: nan
batch 266 loss: nan
batch 267 loss: nan
batch 268 loss: nan
batch 269 loss: nan
batch 270 loss: nan
batch 271 loss: nan
batch 272 loss: nan
batch 273 loss: nan
batch 274 loss: nan
batch 275 loss: nan
batch 276 loss: nan
batch 277 loss: nan
batch 278 loss: nan
batch 279 loss: nan
batch 280 loss: nan
batch 281 loss: nan
batch 282 loss: nan
batch 283 loss: nan
batch 284 loss: nan
batch 285 loss: nan
batch 286 loss: nan
batch 287 loss: nan
batch 288 loss: nan
batch 289 loss: nan
batch 290 loss: nan
batch 291 loss: nan
batch 292 loss: nan
batch 293 loss: nan
batch 294 loss: nan
batch 295 loss: nan
batch 296 loss: nan
batch 297 loss: nan
batch 298 loss: nan
batch 299 loss: nan
batch 300 loss: nan
batch 301 loss: nan
batch 302 loss: nan
batch 303 loss: nan
batch 304 loss: nan
batch 305 loss: nan
batch 306 loss: nan
batch 307 loss: nan
batch 308 loss: nan
batch 309 loss: nan
batch 310 loss: nan
batch 311 loss: nan
batch 312 loss: nan
batch 313 loss: nan
batch 314 loss: nan
batch 315 loss: nan
batch 316 loss: nan
batch 317 loss: nan
batch 318 loss: nan
batch 319 loss: nan
batch 320 loss: nan
batch 321 loss: nan
batch 322 loss: nan
batch 323 loss: nan
batch 324 loss: nan
batch 325 loss: nan
batch 326 loss: nan
batch 327 loss: nan
batch 328 loss: nan
batch 329 loss: nan
batch 330 loss: nan
batch 331 loss: nan
batch 332 loss: nan
batch 333 loss: nan
batch 334 loss: nan
batch 335 loss: nan
batch 336 loss: nan
batch 337 loss: nan
batch 338 loss: nan
batch 339 loss: nan
batch 340 loss: nan
batch 341 loss: nan
batch 342 loss: nan
batch 343 loss: nan
batch 344 loss: nan
batch 345 loss: nan
batch 346 loss: nan
batch 347 loss: nan
batch 348 loss: nan
batch 349 loss: nan
batch 350 loss: nan
batch 351 loss: nan
batch 352 loss: nan
batch 353 loss: nan
batch 354 loss: nan
batch 355 loss: nan
batch 356 loss: nan
batch 357 loss: nan
batch 358 loss: nan
batch 359 loss: nan
batch 360 loss: nan
batch 361 loss: nan
batch 362 loss: nan
batch 363 loss: nan
batch 364 loss: nan
batch 365 loss: nan
batch 366 loss: nan
batch 367 loss: nan
batch 368 loss: nan
batch 369 loss: nan
batch 370 loss: nan
batch 371 loss: nan
batch 372 loss: nan
batch 373 loss: nan
batch 374 loss: nan
batch 375 loss: nan
batch 376 loss: nan
batch 377 loss: nan
batch 378 loss: nan
batch 379 loss: nan
batch 380 loss: nan
batch 381 loss: nan
batch 382 loss: nan
batch 383 loss: nan
batch 384 loss: nan
batch 385 loss: nan
batch 386 loss: nan
batch 387 loss: nan
batch 388 loss: nan
batch 389 loss: nan
batch 390 loss: nan
batch 391 loss: nan
batch 392 loss: nan
batch 393 loss: nan
batch 394 loss: nan
batch 395 loss: nan
batch 396 loss: nan
batch 397 loss: nan
batch 398 loss: nan
batch 399 loss: nan
batch 400 loss: nan
batch 401 loss: nan
batch 402 loss: nan
batch 403 loss: nan
batch 404 loss: nan
batch 405 loss: nan
batch 406 loss: nan
batch 407 loss: nan
batch 408 loss: nan
batch 409 loss: nan
batch 410 loss: nan
batch 411 loss: nan
batch 412 loss: nan
batch 413 loss: nan
batch 414 loss: nan
batch 415 loss: nan
batch 416 loss: nan
batch 417 loss: nan
batch 418 loss: nan
batch 419 loss: nan
batch 420 loss: nan
batch 421 loss: nan
batch 422 loss: nan
batch 423 loss: nan
batch 424 loss: nan
batch 425 loss: nan
batch 426 loss: nan
batch 427 loss: nan
batch 428 loss: nan
batch 429 loss: nan
batch 430 loss: nan
batch 431 loss: nan
batch 432 loss: nan
batch 433 loss: nan
batch 434 loss: nan
batch 435 loss: nan
batch 436 loss: nan
batch 437 loss: nan
batch 438 loss: nan
batch 439 loss: nan
batch 440 loss: nan
batch 441 loss: nan
batch 442 loss: nan
batch 443 loss: nan
batch 444 loss: nan
batch 445 loss: nan
batch 446 loss: nan
batch 447 loss: nan
batch 448 loss: nan
batch 449 loss: nan
batch 450 loss: nan
batch 451 loss: nan
batch 452 loss: nan
batch 453 loss: nan
batch 454 loss: nan
batch 455 loss: nan
batch 456 loss: nan
batch 457 loss: nan
batch 458 loss: nan
batch 459 loss: nan
batch 460 loss: nan
batch 461 loss: nan
batch 462 loss: nan
batch 463 loss: nan
batch 464 loss: nan
batch 465 loss: nan
batch 466 loss: nan
batch 467 loss: nan
batch 468 loss: nan
batch 469 loss: nan
batch 470 loss: nan
batch 471 loss: nan
batch 472 loss: nan
batch 473 loss: nan
batch 474 loss: nan
batch 475 loss: nan
batch 476 loss: nan
batch 477 loss: nan
batch 478 loss: nan
batch 479 loss: nan
batch 480 loss: nan
batch 481 loss: nan
batch 482 loss: nan
batch 483 loss: nan
batch 484 loss: nan
batch 485 loss: nan
batch 486 loss: nan
batch 487 loss: nan
batch 488 loss: nan
batch 489 loss: nan
batch 490 loss: nan
batch 491 loss: nan
batch 492 loss: nan
batch 493 loss: nan
batch 494 loss: nan
batch 495 loss: nan
batch 496 loss: nan
batch 497 loss: nan
batch 498 loss: nan
batch 499 loss: nan
batch 500 loss: 2368.75
batch 501 loss: nan
batch 502 loss: nan
batch 503 loss: nan
batch 504 loss: nan
batch 505 loss: nan
batch 506 loss: nan
batch 507 loss: nan
batch 508 loss: nan
batch 509 loss: nan
batch 510 loss: nan
batch 511 loss: nan
batch 512 loss: nan
batch 513 loss: nan
batch 514 loss: nan
batch 515 loss: nan
batch 516 loss: nan
batch 517 loss: nan
batch 518 loss: nan
batch 519 loss: nan
batch 520 loss: nan
batch 521 loss: nan
batch 522 loss: nan
batch 523 loss: nan
batch 524 loss: nan
batch 525 loss: nan
batch 526 loss: nan
batch 527 loss: nan
batch 528 loss: nan
batch 529 loss: nan
batch 530 loss: nan
batch 531 loss: nan
batch 532 loss: nan
batch 533 loss: nan
batch 534 loss: nan
batch 535 loss: nan
batch 536 loss: nan
batch 537 loss: nan
batch 538 loss: nan
batch 539 loss: nan
batch 540 loss: nan
batch 541 loss: nan
batch 542 loss: nan
batch 543 loss: nan
batch 544 loss: nan
batch 545 loss: nan
batch 546 loss: nan
batch 547 loss: nan
batch 548 loss: nan
batch 549 loss: nan
batch 550 loss: nan
batch 551 loss: nan
batch 552 loss: nan
batch 553 loss: nan
batch 554 loss: nan
batch 555 loss: nan
batch 556 loss: nan
batch 557 loss: nan
batch 558 loss: nan
batch 559 loss: nan
batch 560 loss: nan
batch 561 loss: nan
batch 562 loss: nan
batch 563 loss: nan
batch 564 loss: nan
batch 565 loss: nan
batch 566 loss: nan
batch 567 loss: nan
batch 568 loss: nan
batch 569 loss: nan
batch 570 loss: nan
batch 571 loss: nan
batch 572 loss: nan
batch 573 loss: nan
batch 574 loss: nan
batch 575 loss: nan
batch 576 loss: nan
batch 577 loss: nan
batch 578 loss: nan
batch 579 loss: nan
batch 580 loss: nan
batch 581 loss: nan
batch 582 loss: nan
batch 583 loss: nan
batch 584 loss: nan
batch 585 loss: nan
batch 586 loss: nan
batch 587 loss: nan
batch 588 loss: nan
batch 589 loss: nan
batch 590 loss: nan
batch 591 loss: nan
batch 592 loss: nan
batch 593 loss: nan
batch 594 loss: nan
batch 595 loss: nan
batch 596 loss: nan
batch 597 loss: nan
batch 598 loss: nan
batch 599 loss: nan
batch 600 loss: nan
batch 601 loss: nan
batch 602 loss: nan
batch 603 loss: nan
batch 604 loss: nan
batch 605 loss: nan
batch 606 loss: nan
batch 607 loss: nan
batch 608 loss: nan
batch 609 loss: nan
batch 610 loss: nan
batch 611 loss: nan
batch 612 loss: nan
batch 613 loss: nan
batch 614 loss: nan
batch 615 loss: nan
batch 616 loss: nan
batch 617 loss: nan
batch 618 loss: nan
batch 619 loss: nan
batch 620 loss: nan
batch 621 loss: nan
batch 622 loss: nan
batch 623 loss: nan
batch 624 loss: nan
batch 625 loss: nan
batch 626 loss: nan
batch 627 loss: nan
batch 628 loss: nan
batch 629 loss: nan
batch 630 loss: nan
batch 631 loss: nan
batch 632 loss: nan
batch 633 loss: nan
batch 634 loss: nan
batch 635 loss: nan
batch 636 loss: nan
batch 637 loss: nan
batch 638 loss: nan
batch 639 loss: nan
batch 640 loss: nan
batch 641 loss: nan
batch 642 loss: nan
batch 643 loss: nan
batch 644 loss: nan
batch 645 loss: nan
batch 646 loss: nan
batch 647 loss: nan
batch 648 loss: nan
batch 649 loss: nan
batch 650 loss: nan
batch 651 loss: nan
batch 652 loss: nan
batch 653 loss: nan
batch 654 loss: nan
batch 655 loss: nan
batch 656 loss: nan
batch 657 loss: nan
batch 658 loss: nan
batch 659 loss: nan
batch 660 loss: nan
batch 661 loss: nan
batch 662 loss: nan
batch 663 loss: nan
batch 664 loss: nan
batch 665 loss: nan
batch 666 loss: nan
batch 667 loss: nan
batch 668 loss: nan
batch 669 loss: nan
batch 670 loss: nan
batch 671 loss: nan
batch 672 loss: nan
batch 673 loss: nan
batch 674 loss: nan
batch 675 loss: nan
batch 676 loss: nan
batch 677 loss: nan
batch 678 loss: nan
batch 679 loss: nan
batch 680 loss: nan
batch 681 loss: nan
batch 682 loss: nan
batch 683 loss: nan
batch 684 loss: nan
batch 685 loss: nan
batch 686 loss: nan
batch 687 loss: nan
batch 688 loss: nan
batch 689 loss: nan
batch 690 loss: nan
batch 691 loss: nan
batch 692 loss: nan
batch 693 loss: nan
batch 694 loss: nan
batch 695 loss: nan
batch 696 loss: nan
batch 697 loss: nan
batch 698 loss: nan
batch 699 loss: nan
batch 700 loss: nan
batch 701 loss: nan
batch 702 loss: nan
batch 703 loss: nan
batch 704 loss: nan
batch 705 loss: nan
batch 706 loss: nan
batch 707 loss: nan
batch 708 loss: nan
batch 709 loss: nan
batch 710 loss: nan
batch 711 loss: nan
batch 712 loss: nan
batch 713 loss: nan
batch 714 loss: nan
batch 715 loss: nan
batch 716 loss: nan
batch 717 loss: nan
batch 718 loss: nan
batch 719 loss: nan
batch 720 loss: nan
batch 721 loss: nan
batch 722 loss: nan
batch 723 loss: nan
batch 724 loss: nan
batch 725 loss: nan
batch 726 loss: nan
batch 727 loss: nan
batch 728 loss: nan
batch 729 loss: nan
batch 730 loss: nan
batch 731 loss: nan
batch 732 loss: nan
batch 733 loss: nan
batch 734 loss: nan
batch 735 loss: nan
batch 736 loss: nan
batch 737 loss: nan
batch 738 loss: nan
batch 739 loss: nan
batch 740 loss: nan
batch 741 loss: nan
batch 742 loss: nan
batch 743 loss: nan
batch 744 loss: nan
batch 745 loss: nan
batch 746 loss: nan
batch 747 loss: nan
batch 748 loss: nan
batch 749 loss: nan
batch 750 loss: nan
batch 751 loss: nan
batch 752 loss: nan
batch 753 loss: nan
batch 754 loss: nan
batch 755 loss: nan
batch 756 loss: nan
batch 757 loss: nan
batch 758 loss: nan
batch 759 loss: nan
batch 760 loss: nan
batch 761 loss: nan
batch 762 loss: nan
batch 763 loss: nan
batch 764 loss: nan
batch 765 loss: nan
batch 766 loss: nan
batch 767 loss: nan
batch 768 loss: nan
batch 769 loss: nan
batch 770 loss: nan
batch 771 loss: nan
batch 772 loss: nan
batch 773 loss: nan
batch 774 loss: nan
batch 775 loss: nan
batch 776 loss: nan
batch 777 loss: nan
batch 778 loss: nan
batch 779 loss: nan
batch 780 loss: nan
batch 781 loss: nan
batch 782 loss: nan
batch 783 loss: nan
batch 784 loss: nan
batch 785 loss: nan
batch 786 loss: nan
batch 787 loss: nan
batch 788 loss: nan
batch 789 loss: nan
batch 790 loss: nan
batch 791 loss: nan
batch 792 loss: nan
batch 793 loss: nan
batch 794 loss: nan
batch 795 loss: nan
batch 796 loss: nan
batch 797 loss: nan
batch 798 loss: nan
batch 799 loss: nan
batch 800 loss: nan
batch 801 loss: nan
batch 802 loss: nan
batch 803 loss: nan
batch 804 loss: nan
batch 805 loss: nan
batch 806 loss: nan
batch 807 loss: nan
batch 808 loss: nan
batch 809 loss: nan
batch 810 loss: nan
batch 811 loss: nan
batch 812 loss: nan
batch 813 loss: nan
batch 814 loss: nan
batch 815 loss: nan
batch 816 loss: nan
batch 817 loss: nan
batch 818 loss: nan
batch 819 loss: nan
batch 820 loss: nan
batch 821 loss: nan
batch 822 loss: nan
batch 823 loss: nan
batch 824 loss: nan
batch 825 loss: nan
batch 826 loss: nan
batch 827 loss: nan
batch 828 loss: nan
batch 829 loss: nan
batch 830 loss: nan
batch 831 loss: nan
batch 832 loss: nan
batch 833 loss: nan
batch 834 loss: nan
batch 835 loss: nan
batch 836 loss: nan
batch 837 loss: nan
batch 838 loss: nan
batch 839 loss: nan
batch 840 loss: nan
batch 841 loss: nan
batch 842 loss: nan
batch 843 loss: nan
batch 844 loss: nan
batch 845 loss: nan
batch 846 loss: nan
batch 847 loss: nan
batch 848 loss: nan
batch 849 loss: nan
batch 850 loss: nan
batch 851 loss: nan
batch 852 loss: nan
batch 853 loss: nan
batch 854 loss: nan
batch 855 loss: nan
batch 856 loss: nan
batch 857 loss: nan
batch 858 loss: nan
batch 859 loss: nan
batch 860 loss: nan
batch 861 loss: nan
batch 862 loss: nan
batch 863 loss: nan
batch 864 loss: nan
batch 865 loss: nan
batch 866 loss: nan
batch 867 loss: nan
batch 868 loss: nan
batch 869 loss: nan
batch 870 loss: nan
batch 871 loss: nan
batch 872 loss: nan
batch 873 loss: nan
batch 874 loss: nan
batch 875 loss: nan
batch 876 loss: nan
batch 877 loss: nan
batch 878 loss: nan
batch 879 loss: nan
batch 880 loss: nan
batch 881 loss: nan
batch 882 loss: nan
batch 883 loss: nan
batch 884 loss: nan
batch 885 loss: nan
batch 886 loss: nan
batch 887 loss: nan
batch 888 loss: nan
batch 889 loss: nan
batch 890 loss: nan
batch 891 loss: nan
batch 892 loss: nan
batch 893 loss: nan
batch 894 loss: nan
batch 895 loss: nan
batch 896 loss: nan
batch 897 loss: nan
batch 898 loss: nan
batch 899 loss: nan
batch 900 loss: nan
batch 901 loss: nan
batch 902 loss: nan
batch 903 loss: nan
batch 904 loss: nan
batch 905 loss: nan
batch 906 loss: nan
batch 907 loss: nan
batch 908 loss: nan
batch 909 loss: nan
batch 910 loss: nan
batch 911 loss: nan
batch 912 loss: nan
batch 913 loss: nan
batch 914 loss: nan
batch 915 loss: nan
batch 916 loss: nan
batch 917 loss: nan
batch 918 loss: nan
batch 919 loss: nan
batch 920 loss: nan
batch 921 loss: nan
batch 922 loss: nan
batch 923 loss: nan
batch 924 loss: nan
batch 925 loss: nan
batch 926 loss: nan
batch 927 loss: nan
batch 928 loss: nan
batch 929 loss: nan
batch 930 loss: nan
batch 931 loss: nan
batch 932 loss: nan
batch 933 loss: nan
batch 934 loss: nan
batch 935 loss: nan
batch 936 loss: nan
batch 937 loss: nan
batch 938 loss: nan
batch 939 loss: nan
batch 940 loss: nan
batch 941 loss: nan
batch 942 loss: nan
batch 943 loss: nan
batch 944 loss: nan
batch 945 loss: nan
batch 946 loss: nan
batch 947 loss: nan
batch 948 loss: nan
batch 949 loss: nan
batch 950 loss: nan
batch 951 loss: nan
batch 952 loss: nan
batch 953 loss: nan
batch 954 loss: nan
batch 955 loss: nan
batch 956 loss: nan
batch 957 loss: nan
batch 958 loss: nan
batch 959 loss: nan
batch 960 loss: nan
batch 961 loss: nan
batch 962 loss: nan
batch 963 loss: nan
batch 964 loss: nan
batch 965 loss: nan
batch 966 loss: nan
batch 967 loss: nan
batch 968 loss: nan
batch 969 loss: nan
batch 970 loss: nan
batch 971 loss: nan
batch 972 loss: nan
batch 973 loss: nan
batch 974 loss: nan
batch 975 loss: nan
batch 976 loss: nan
batch 977 loss: nan
batch 978 loss: nan
batch 979 loss: nan
batch 980 loss: nan
batch 981 loss: nan
batch 982 loss: nan
batch 983 loss: nan
batch 984 loss: nan
batch 985 loss: nan
batch 986 loss: nan
batch 987 loss: nan
batch 988 loss: nan
batch 989 loss: nan
batch 990 loss: nan
batch 991 loss: nan
batch 992 loss: nan
batch 993 loss: nan
batch 994 loss: nan
batch 995 loss: nan
batch 996 loss: nan
batch 997 loss: nan
batch 998 loss: nan
batch 999 loss: nan
batch 1000 loss: nan
batch 1001 loss: nan
batch 1002 loss: nan
batch 1003 loss: nan
batch 1004 loss: nan
batch 1005 loss: nan
batch 1006 loss: nan
batch 1007 loss: nan
batch 1008 loss: nan
batch 1009 loss: nan
batch 1010 loss: nan
batch 1011 loss: nan
batch 1012 loss: nan
batch 1013 loss: nan
batch 1014 loss: nan
batch 1015 loss: nan
batch 1016 loss: nan
batch 1017 loss: nan
batch 1018 loss: nan
batch 1019 loss: nan
batch 1020 loss: nan
batch 1021 loss: nan
batch 1022 loss: nan
batch 1023 loss: nan
batch 1024 loss: nan
batch 1025 loss: nan
batch 1026 loss: nan
batch 1027 loss: nan
batch 1028 loss: nan
batch 1029 loss: nan
batch 1030 loss: nan
batch 1031 loss: nan
batch 1032 loss: nan
batch 1033 loss: nan
batch 1034 loss: nan
batch 1035 loss: nan
batch 1036 loss: nan
batch 1037 loss: nan
batch 1038 loss: nan
batch 1039 loss: nan
batch 1040 loss: nan
batch 1041 loss: nan
batch 1042 loss: nan
batch 1043 loss: nan
batch 1044 loss: nan
batch 1045 loss: nan
batch 1046 loss: nan
batch 1047 loss: nan
batch 1048 loss: nan
batch 1049 loss: nan
batch 1050 loss: nan
batch 1051 loss: nan
batch 1052 loss: nan
batch 1053 loss: nan
batch 1054 loss: nan
batch 1055 loss: nan
batch 1056 loss: nan
batch 1057 loss: nan
batch 1058 loss: nan
batch 1059 loss: nan
batch 1060 loss: nan
batch 1061 loss: nan
batch 1062 loss: nan
batch 1063 loss: nan
batch 1064 loss: nan
batch 1065 loss: nan
batch 1066 loss: nan
batch 1067 loss: nan
batch 1068 loss: nan
batch 1069 loss: nan
batch 1070 loss: nan
batch 1071 loss: nan
batch 1072 loss: nan
batch 1073 loss: nan
batch 1074 loss: nan
batch 1075 loss: nan
batch 1076 loss: nan
batch 1077 loss: nan
batch 1078 loss: nan
batch 1079 loss: nan
batch 1080 loss: nan
batch 1081 loss: nan
batch 1082 loss: nan
batch 1083 loss: nan
batch 1084 loss: nan
batch 1085 loss: nan
batch 1086 loss: nan
batch 1087 loss: nan
batch 1088 loss: nan
batch 1089 loss: nan
batch 1090 loss: nan
batch 1091 loss: nan
batch 1092 loss: nan
batch 1093 loss: nan
batch 1094 loss: nan
batch 1095 loss: nan
batch 1096 loss: nan
batch 1097 loss: nan
batch 1098 loss: nan
batch 1099 loss: nan
batch 1100 loss: nan
batch 1101 loss: nan
batch 1102 loss: nan
batch 1103 loss: nan
batch 1104 loss: nan
batch 1105 loss: nan
batch 1106 loss: nan
batch 1107 loss: nan
batch 1108 loss: nan
batch 1109 loss: nan
batch 1110 loss: nan
batch 1111 loss: nan
batch 1112 loss: nan
batch 1113 loss: nan
batch 1114 loss: nan
batch 1115 loss: nan
batch 1116 loss: nan
batch 1117 loss: nan
batch 1118 loss: nan
batch 1119 loss: nan
batch 1120 loss: nan
batch 1121 loss: nan
batch 1122 loss: nan
batch 1123 loss: nan
batch 1124 loss: nan
batch 1125 loss: nan
batch 1126 loss: nan
batch 1127 loss: nan
batch 1128 loss: nan
batch 1129 loss: nan
batch 1130 loss: nan
batch 1131 loss: nan
batch 1132 loss: nan
batch 1133 loss: nan
batch 1134 loss: nan
batch 1135 loss: nan
batch 1136 loss: nan
batch 1137 loss: nan
batch 1138 loss: nan
batch 1139 loss: nan
batch 1140 loss: nan
batch 1141 loss: nan
batch 1142 loss: nan
batch 1143 loss: nan
batch 1144 loss: nan
batch 1145 loss: nan
batch 1146 loss: nan
batch 1147 loss: nan
batch 1148 loss: nan
batch 1149 loss: nan
batch 1150 loss: nan
batch 1151 loss: nan
batch 1152 loss: nan
batch 1153 loss: nan
batch 1154 loss: nan
batch 1155 loss: nan
batch 1156 loss: nan
batch 1157 loss: nan
batch 1158 loss: nan
batch 1159 loss: nan
batch 1160 loss: nan
batch 1161 loss: nan
batch 1162 loss: nan
batch 1163 loss: nan
batch 1164 loss: nan
batch 1165 loss: nan
batch 1166 loss: nan
batch 1167 loss: nan
batch 1168 loss: nan
batch 1169 loss: nan
batch 1170 loss: nan
batch 1171 loss: nan
batch 1172 loss: nan
batch 1173 loss: nan
batch 1174 loss: nan
batch 1175 loss: nan
batch 1176 loss: nan
batch 1177 loss: nan
batch 1178 loss: nan
batch 1179 loss: nan
batch 1180 loss: nan
batch 1181 loss: nan
batch 1182 loss: nan
batch 1183 loss: nan
batch 1184 loss: nan
batch 1185 loss: nan
batch 1186 loss: nan
batch 1187 loss: nan
batch 1188 loss: nan
batch 1189 loss: nan
batch 1190 loss: nan
batch 1191 loss: nan
batch 1192 loss: nan
batch 1193 loss: nan
batch 1194 loss: nan
batch 1195 loss: nan
batch 1196 loss: nan
batch 1197 loss: nan
batch 1198 loss: nan
batch 1199 loss: nan
batch 1200 loss: nan
batch 1201 loss: nan
batch 1202 loss: nan
batch 1203 loss: nan
batch 1204 loss: nan
batch 1205 loss: nan
batch 1206 loss: nan
batch 1207 loss: nan
batch 1208 loss: nan
batch 1209 loss: nan
batch 1210 loss: nan
batch 1211 loss: nan
batch 1212 loss: nan
batch 1213 loss: nan
batch 1214 loss: nan
batch 1215 loss: nan
batch 1216 loss: nan
batch 1217 loss: nan
batch 1218 loss: nan
batch 1219 loss: nan
batch 1220 loss: nan
batch 1221 loss: nan
